<?xml version="1.0" encoding="UTF-8"?>
<!-- Generated by org.testng.reporters.JUnitXMLReporter -->
<testsuite ignored="2" hostname="LAP-GES-30" failures="1" tests="1" name="test(failed)" time="8.679" errors="0" timestamp="2023-08-25T22:50:29 IST">
  <testcase classname="testPackages.BaseClass" name="@AfterMethod afterMethod" time="0.004">
    <failure type="java.lang.Error" message="Unresolved compilation problem: 
	Cannot make a static reference to the non-static method CapturPageScreenShot(WebDriver) from the type Screenshot
">
      <![CDATA[java.lang.Error: Unresolved compilation problem: 
Cannot make a static reference to the non-static method CapturPageScreenShot(WebDriver) from the type Screenshot

at testPackages.BaseClass.afterMethod(BaseClass.java:43)
at java.base/java.util.ArrayList.forEach(ArrayList.java:1511)
... Removed 30 stack frames]]>
    </failure>
  </testcase> <!-- @AfterMethod afterMethod -->
  <testcase classname="testPackages.BaseClass" name="@AfterTest afterTest" time="0.0">
    <skipped/>
  </testcase> <!-- @AfterTest afterTest -->
  <testcase classname="testPackages.LoginTestClass" name="VerifyFunctionalityWithCorrectData" time="0.916">
    <failure type="java.lang.IllegalArgumentException" message="Input must be set">
      <![CDATA[java.lang.IllegalArgumentException: Input must be set
at org.openqa.selenium.internal.Require.nonNull(Require.java:60)
at org.openqa.selenium.support.ui.FluentWait.<init>(FluentWait.java:94)
at org.openqa.selenium.support.ui.WebDriverWait.<init>(WebDriverWait.java:74)
at org.openqa.selenium.support.ui.WebDriverWait.<init>(WebDriverWait.java:43)
at pom_Utility.Element_wait.WaitForElement(Element_wait.java:17)
at pomPackages.Login_Page.sendUserName(Login_Page.java:38)
at testPackages.LoginTestClass.VerifyFunctionalityWithCorrectData(LoginTestClass.java:50)
at java.base/java.util.ArrayList.forEach(ArrayList.java:1511)
... Removed 25 stack frames]]>
    </failure>
  </testcase> <!-- VerifyFunctionalityWithCorrectData -->
  <testcase classname="testPackages.BaseClass" name="@AfterTest afterTest" time="0.0">
    <ignored/>
  </testcase> <!-- @AfterTest afterTest -->
  <testcase classname="testPackages.BaseClass" name="@BeforeTest beforeTest" time="0.0">
    <ignored/>
  </testcase> <!-- @BeforeTest beforeTest -->
</testsuite> <!-- test(failed) -->
