<?xml version="1.0" encoding="UTF-8"?>
<testng-results ignored="0" total="2" passed="1" failed="1" skipped="0">
  <reporter-output>
  </reporter-output>
  <suite started-at="2023-08-28T00:13:02 IST" name="Suite" finished-at="2023-08-28T00:13:15 IST" duration-ms="13300">
    <groups>
    </groups>
    <test started-at="2023-08-28T00:13:02 IST" name="test" finished-at="2023-08-28T00:13:15 IST" duration-ms="13300">
      <class name="testPackages.LoginTestClass">
        <test-method is-config="true" signature="beforeMethod()[pri:0, instance:testPackages.LoginTestClass@55fe41ea]" started-at="2023-08-28T00:13:07 IST" name="beforeMethod" finished-at="2023-08-28T00:13:07 IST" duration-ms="16" status="PASS">
          <reporter-output>
          </reporter-output>
        </test-method> <!-- beforeMethod -->
        <test-method signature="VerifyFunctionalityWithCorrectData()[pri:0, instance:testPackages.LoginTestClass@55fe41ea]" started-at="2023-08-28T00:13:07 IST" name="VerifyFunctionalityWithCorrectData" finished-at="2023-08-28T00:13:14 IST" duration-ms="7585" status="PASS">
          <reporter-output>
          </reporter-output>
        </test-method> <!-- VerifyFunctionalityWithCorrectData -->
        <test-method is-config="true" signature="afterMethod(org.testng.ITestResult)[pri:0, instance:testPackages.LoginTestClass@55fe41ea]" started-at="2023-08-28T00:13:14 IST" name="afterMethod" finished-at="2023-08-28T00:13:14 IST" duration-ms="246" status="PASS">
          <params>
            <param index="0">
              <value>
                <![CDATA[[TestResult name=VerifyFunctionalityWithCorrectData status=SUCCESS method=LoginTestClass.VerifyFunctionalityWithCorrectData()[pri:0, instance:testPackages.LoginTestClass@55fe41ea] output={null}]]]>
              </value>
            </param>
          </params>
          <reporter-output>
          </reporter-output>
        </test-method> <!-- afterMethod -->
        <test-method signature="VerifyFunctionalityWithInCorrectData()[pri:0, instance:testPackages.LoginTestClass@55fe41ea]" started-at="2023-08-28T00:13:14 IST" name="VerifyFunctionalityWithInCorrectData" finished-at="2023-08-28T00:13:14 IST" duration-ms="2" status="FAIL">
          <exception class="java.lang.AssertionError">
            <message>
              <![CDATA[null]]>
            </message>
            <full-stacktrace>
              <![CDATA[java.lang.AssertionError: null
at org.testng.Assert.fail(Assert.java:111)
at org.testng.Assert.fail(Assert.java:116)
at testPackages.LoginTestClass.VerifyFunctionalityWithInCorrectData(LoginTestClass.java:88)
at java.base/jdk.internal.reflect.DirectMethodHandleAccessor.invoke(DirectMethodHandleAccessor.java:104)
at java.base/java.lang.reflect.Method.invoke(Method.java:578)
at org.testng.internal.invokers.MethodInvocationHelper.invokeMethod(MethodInvocationHelper.java:139)
at org.testng.internal.invokers.TestInvoker.invokeMethod(TestInvoker.java:664)
at org.testng.internal.invokers.TestInvoker.invokeTestMethod(TestInvoker.java:227)
at org.testng.internal.invokers.MethodRunner.runInSequence(MethodRunner.java:50)
at org.testng.internal.invokers.TestInvoker$MethodInvocationAgent.invoke(TestInvoker.java:957)
at org.testng.internal.invokers.TestInvoker.invokeTestMethods(TestInvoker.java:200)
at org.testng.internal.invokers.TestMethodWorker.invokeTestMethods(TestMethodWorker.java:148)
at org.testng.internal.invokers.TestMethodWorker.run(TestMethodWorker.java:128)
at java.base/java.util.ArrayList.forEach(ArrayList.java:1511)
at org.testng.TestRunner.privateRun(TestRunner.java:848)
at org.testng.TestRunner.run(TestRunner.java:621)
at org.testng.SuiteRunner.runTest(SuiteRunner.java:443)
at org.testng.SuiteRunner.runSequentially(SuiteRunner.java:437)
at org.testng.SuiteRunner.privateRun(SuiteRunner.java:397)
at org.testng.SuiteRunner.run(SuiteRunner.java:336)
at org.testng.SuiteRunnerWorker.runSuite(SuiteRunnerWorker.java:52)
at org.testng.SuiteRunnerWorker.run(SuiteRunnerWorker.java:95)
at org.testng.TestNG.runSuitesSequentially(TestNG.java:1280)
at org.testng.TestNG.runSuitesLocally(TestNG.java:1200)
at org.testng.TestNG.runSuites(TestNG.java:1114)
at org.testng.TestNG.run(TestNG.java:1082)
at org.testng.remote.AbstractRemoteTestNG.run(AbstractRemoteTestNG.java:115)
at org.testng.remote.RemoteTestNG.initAndRun(RemoteTestNG.java:251)
at org.testng.remote.RemoteTestNG.main(RemoteTestNG.java:77)
]]>
            </full-stacktrace>
          </exception> <!-- java.lang.AssertionError -->
          <reporter-output>
          </reporter-output>
        </test-method> <!-- VerifyFunctionalityWithInCorrectData -->
        <test-method is-config="true" signature="beforeMethod()[pri:0, instance:testPackages.LoginTestClass@55fe41ea]" started-at="2023-08-28T00:13:14 IST" name="beforeMethod" finished-at="2023-08-28T00:13:14 IST" duration-ms="0" status="PASS">
          <reporter-output>
          </reporter-output>
        </test-method> <!-- beforeMethod -->
        <test-method is-config="true" signature="afterMethod(org.testng.ITestResult)[pri:0, instance:testPackages.LoginTestClass@55fe41ea]" started-at="2023-08-28T00:13:14 IST" name="afterMethod" finished-at="2023-08-28T00:13:15 IST" duration-ms="173" status="PASS">
          <params>
            <param index="0">
              <value>
                <![CDATA[[TestResult name=VerifyFunctionalityWithInCorrectData status=FAILURE method=LoginTestClass.VerifyFunctionalityWithInCorrectData()[pri:0, instance:testPackages.LoginTestClass@55fe41ea] output={null}]]]>
              </value>
            </param>
          </params>
          <reporter-output>
          </reporter-output>
        </test-method> <!-- afterMethod -->
      </class> <!-- testPackages.LoginTestClass -->
      <class name="testPackages.BaseClass">
        <test-method is-config="true" signature="beforeTest(java.lang.String)[pri:0, instance:testPackages.BaseClass@179ece50]" started-at="2023-08-28T00:13:02 IST" name="beforeTest" finished-at="2023-08-28T00:13:07 IST" duration-ms="4926" status="PASS">
          <params>
            <param index="0">
              <value>
                <![CDATA[chrome]]>
              </value>
            </param>
          </params>
          <reporter-output>
          </reporter-output>
        </test-method> <!-- beforeTest -->
        <test-method is-config="true" signature="afterTest()[pri:0, instance:testPackages.BaseClass@179ece50]" started-at="2023-08-28T00:13:15 IST" name="afterTest" finished-at="2023-08-28T00:13:15 IST" duration-ms="314" status="PASS">
          <reporter-output>
          </reporter-output>
        </test-method> <!-- afterTest -->
      </class> <!-- testPackages.BaseClass -->
    </test> <!-- test -->
  </suite> <!-- Suite -->
</testng-results>
